<?xml version="1.0" encoding="UTF-8"?>
<!-- Generated by org.testng.reporters.JUnitReportReporter -->
<testsuite skipped="0" hostname="AKLSSINHA" name="com.qa.testcases.LoginPageTest" tests="4" failures="0" timestamp="2020-11-10T22:58:41 NZDT" time="71.388" errors="0">
  <testcase name="VerifyLoginPageTitle" time="17.340" classname="com.qa.testcases.LoginPageTest"/>
  <system-out/>
  <testcase name="VerifyComposebuttonisDisplayed" time="18.456" classname="com.qa.testcases.LoginPageTest"/>
  <system-out/>
  <testcase name="sendmail" time="18.028" classname="com.qa.testcases.LoginPageTest"/>
  <system-out/>
  <testcase name="VerifyUsernameLabelTest" time="17.564" classname="com.qa.testcases.LoginPageTest"/>
  <system-out/>
</testsuite> <!-- com.qa.testcases.LoginPageTest -->
